#
# There is insufficient memory for the Java Runtime Environment to continue.
# Native memory allocation (malloc) failed to allocate 667696 bytes. Error detail: Chunk::new
# Possible reasons:
#   The system is out of physical RAM or swap space
#   This process is running with CompressedOops enabled, and the Java Heap may be blocking the growth of the native heap
# Possible solutions:
#   Reduce memory load on the system
#   Increase physical memory or swap space
#   Check if swap backing store is full
#   Decrease Java heap size (-Xmx/-Xms)
#   Decrease number of Java threads
#   Decrease Java thread stack sizes (-Xss)
#   Set larger code cache with -XX:ReservedCodeCacheSize=
#   JVM is running with Unscaled Compressed Oops mode in which the Java heap is
#     placed in the first 4GB address space. The Java Heap base address is the
#     maximum limit for the native heap growth. Please use -XX:HeapBaseMinAddress
#     to set the Java Heap base and to place the Java Heap above 4GB virtual address.
# This output file may be truncated or incomplete.
#
#  Out of Memory Error (arena.cpp:191), pid=11920, tid=10808
#
# JRE version: OpenJDK Runtime Environment Temurin-17.0.13+11 (17.0.13+11) (build 17.0.13+11)
# Java VM: OpenJDK 64-Bit Server VM Temurin-17.0.13+11 (17.0.13+11, mixed mode, tiered, compressed oops, compressed class ptrs, parallel gc, windows-amd64)
# No core dump will be written. Minidumps are not enabled by default on client versions of Windows
#

---------------  S U M M A R Y ------------

Command Line: --add-modules=ALL-SYSTEM --add-opens=java.base/java.util=ALL-UNNAMED --add-opens=java.base/java.lang=ALL-UNNAMED --add-opens=java.base/sun.nio.fs=ALL-UNNAMED -Declipse.application=org.eclipse.jdt.ls.core.id1 -Dosgi.bundles.defaultStartLevel=4 -Declipse.product=org.eclipse.jdt.ls.core.product -Djava.import.generatesMetadataFilesAtProjectRoot=false -DDetectVMInstallationsJob.disabled=true -Dfile.encoding=utf8 -XX:+UseParallelGC -XX:GCTimeRatio=4 -XX:AdaptiveSizePolicyWeight=90 -Dsun.zip.disableMemoryMapping=true -Xmx1G -Xms100m -Xlog:disable -javaagent:c:\Users\MPF\.vscode\extensions\redhat.java-1.36.0-win32-x64\lombok\lombok-1.18.35.jar -XX:+HeapDumpOnOutOfMemoryError -XX:HeapDumpPath=c:\Users\MPF\AppData\Roaming\Code\User\workspaceStorage\a0e31b4d964b07a6db9dfa7dd06891be\redhat.java -Daether.dependencyCollector.impl=bf c:\Users\MPF\.vscode\extensions\redhat.java-1.36.0-win32-x64\server\plugins\org.eclipse.equinox.launcher_1.6.900.v20240613-2009.jar -configuration c:\Users\MPF\AppData\Roaming\Code\User\globalStorage\redhat.java\1.36.0\config_win -data c:\Users\MPF\AppData\Roaming\Code\User\workspaceStorage\a0e31b4d964b07a6db9dfa7dd06891be\redhat.java\jdt_ws --pipe=\\.\pipe\lsp-c720df741ef584d571c0d983e020f01d-sock

Host: Intel(R) Core(TM) i5-8250U CPU @ 1.60GHz, 8 cores, 7G,  Windows 10 , 64 bit Build 19041 (10.0.19041.5072)
Time: Wed Nov 20 11:08:27 2024  Windows 10 , 64 bit Build 19041 (10.0.19041.5072) elapsed time: 745.673555 seconds (0d 0h 12m 25s)

---------------  T H R E A D  ---------------

Current thread (0x0000016b4588e360):  JavaThread "C2 CompilerThread1" daemon [_thread_in_native, id=10808, stack(0x0000003c1b900000,0x0000003c1ba00000)]


Current CompileTask:
C2: 745673 10893   !   4       com.google.gson.internal.bind.ReflectiveTypeAdapterFactory$2::write (140 bytes)

Stack: [0x0000003c1b900000,0x0000003c1ba00000]
Native frames: (J=compiled Java code, j=interpreted, Vv=VM code, C=native code)
V  [jvm.dll+0x682a19]
V  [jvm.dll+0x839538]
V  [jvm.dll+0x83afe3]
V  [jvm.dll+0x83b653]
V  [jvm.dll+0x24704f]
V  [jvm.dll+0xace34]
V  [jvm.dll+0xad4cc]
V  [jvm.dll+0x36592f]
V  [jvm.dll+0x1ba60a]
V  [jvm.dll+0x2181a7]
V  [jvm.dll+0x21748f]
V  [jvm.dll+0x1a3070]
V  [jvm.dll+0x22788c]
V  [jvm.dll+0x2259eb]
V  [jvm.dll+0x7eec98]
V  [jvm.dll+0x7e8ffc]
V  [jvm.dll+0x6818f7]
C  [ucrtbase.dll+0x21bb2]
C  [KERNEL32.DLL+0x17374]
C  [ntdll.dll+0x4cc91]


---------------  P R O C E S S  ---------------

Threads class SMR info:
_java_thread_list=0x0000016b47b28df0, length=46, elements={
0x0000016b28f613c0, 0x0000016b3ed425f0, 0x0000016b3ed43380, 0x0000016b440c1840,
0x0000016b3ed4d6a0, 0x0000016b3ed4e330, 0x0000016b44097020, 0x0000016b440978f0,
0x0000016b4409c480, 0x0000016b4409d140, 0x0000016b28fc41c0, 0x0000016b443f5080,
0x0000016b454f6870, 0x0000016b457f22b0, 0x0000016b457c68f0, 0x0000016b457c6e00,
0x0000016b457c7310, 0x0000016b457c59c0, 0x0000016b457c7820, 0x0000016b457c8c60,
0x0000016b457c7d30, 0x0000016b457c8240, 0x0000016b46543fd0, 0x0000016b4653d580,
0x0000016b465430a0, 0x0000016b465435b0, 0x0000016b465444e0, 0x0000016b46543ac0,
0x0000016b46542b90, 0x0000016b4653d070, 0x0000016b465449f0, 0x0000016b4653eed0,
0x0000016b4653f3e0, 0x0000016b4653da90, 0x0000016b46541750, 0x0000016b49a80d60,
0x0000016b49a7fe30, 0x0000016b49a830d0, 0x0000016b49a81780, 0x0000016b49a81c90,
0x0000016b49a80850, 0x0000016b49a84000, 0x0000016b4588e360, 0x0000016b49a84510,
0x0000016b4588fdf0, 0x0000016b49a84f30
}

Java Threads: ( => current thread )
  0x0000016b28f613c0 JavaThread "main" [_thread_blocked, id=13108, stack(0x0000003c1bc00000,0x0000003c1bd00000)]
  0x0000016b3ed425f0 JavaThread "Reference Handler" daemon [_thread_blocked, id=10516, stack(0x0000003c1bf00000,0x0000003c1c000000)]
  0x0000016b3ed43380 JavaThread "Finalizer" daemon [_thread_blocked, id=12248, stack(0x0000003c1c000000,0x0000003c1c100000)]
  0x0000016b440c1840 JavaThread "Signal Dispatcher" daemon [_thread_blocked, id=5964, stack(0x0000003c1c100000,0x0000003c1c200000)]
  0x0000016b3ed4d6a0 JavaThread "Attach Listener" daemon [_thread_blocked, id=15948, stack(0x0000003c1c200000,0x0000003c1c300000)]
  0x0000016b3ed4e330 JavaThread "Service Thread" daemon [_thread_blocked, id=4684, stack(0x0000003c1c300000,0x0000003c1c400000)]
  0x0000016b44097020 JavaThread "Monitor Deflation Thread" daemon [_thread_blocked, id=18756, stack(0x0000003c1c400000,0x0000003c1c500000)]
  0x0000016b440978f0 JavaThread "C2 CompilerThread0" daemon [_thread_blocked, id=1904, stack(0x0000003c1c500000,0x0000003c1c600000)]
  0x0000016b4409c480 JavaThread "C1 CompilerThread0" daemon [_thread_blocked, id=12572, stack(0x0000003c1c600000,0x0000003c1c700000)]
  0x0000016b4409d140 JavaThread "Sweeper thread" daemon [_thread_blocked, id=16356, stack(0x0000003c1c700000,0x0000003c1c800000)]
  0x0000016b28fc41c0 JavaThread "Common-Cleaner" daemon [_thread_blocked, id=16780, stack(0x0000003c1c800000,0x0000003c1c900000)]
  0x0000016b443f5080 JavaThread "Notification Thread" daemon [_thread_blocked, id=3012, stack(0x0000003c1c900000,0x0000003c1ca00000)]
  0x0000016b454f6870 JavaThread "Active Thread: Equinox Container: 35b96c10-fdf0-4078-9692-ed253560c326" [_thread_blocked, id=15540, stack(0x0000003c1d300000,0x0000003c1d400000)]
  0x0000016b457f22b0 JavaThread "Refresh Thread: Equinox Container: 35b96c10-fdf0-4078-9692-ed253560c326" daemon [_thread_blocked, id=15024, stack(0x0000003c1d400000,0x0000003c1d500000)]
  0x0000016b457c68f0 JavaThread "Framework Event Dispatcher: Equinox Container: 35b96c10-fdf0-4078-9692-ed253560c326" daemon [_thread_blocked, id=8324, stack(0x0000003c1d500000,0x0000003c1d600000)]
  0x0000016b457c6e00 JavaThread "Start Level: Equinox Container: 35b96c10-fdf0-4078-9692-ed253560c326" daemon [_thread_blocked, id=18664, stack(0x0000003c1d600000,0x0000003c1d700000)]
  0x0000016b457c7310 JavaThread "Bundle File Closer" daemon [_thread_blocked, id=9944, stack(0x0000003c1cb00000,0x0000003c1cc00000)]
  0x0000016b457c59c0 JavaThread "SCR Component Actor" daemon [_thread_blocked, id=10992, stack(0x0000003c1d200000,0x0000003c1d300000)]
  0x0000016b457c7820 JavaThread "Worker-JM" [_thread_blocked, id=480, stack(0x0000003c1d900000,0x0000003c1da00000)]
  0x0000016b457c8c60 JavaThread "JNA Cleaner" daemon [_thread_blocked, id=17656, stack(0x0000003c1da00000,0x0000003c1db00000)]
  0x0000016b457c7d30 JavaThread "Java indexing" daemon [_thread_blocked, id=5452, stack(0x0000003c1df00000,0x0000003c1e000000)]
  0x0000016b457c8240 JavaThread "Worker-2" [_thread_blocked, id=19224, stack(0x0000003c1e000000,0x0000003c1e100000)]
  0x0000016b46543fd0 JavaThread "Thread-2" daemon [_thread_in_native, id=4760, stack(0x0000003c1e200000,0x0000003c1e300000)]
  0x0000016b4653d580 JavaThread "Thread-3" daemon [_thread_in_native, id=4256, stack(0x0000003c1e300000,0x0000003c1e400000)]
  0x0000016b465430a0 JavaThread "Thread-4" daemon [_thread_in_native, id=16224, stack(0x0000003c1e400000,0x0000003c1e500000)]
  0x0000016b465435b0 JavaThread "Thread-5" daemon [_thread_in_native, id=15792, stack(0x0000003c1e500000,0x0000003c1e600000)]
  0x0000016b465444e0 JavaThread "Thread-6" daemon [_thread_in_native, id=18176, stack(0x0000003c1e600000,0x0000003c1e700000)]
  0x0000016b46543ac0 JavaThread "Thread-7" daemon [_thread_in_native, id=11044, stack(0x0000003c1e700000,0x0000003c1e800000)]
  0x0000016b46542b90 JavaThread "Thread-8" daemon [_thread_in_native, id=17036, stack(0x0000003c1e800000,0x0000003c1e900000)]
  0x0000016b4653d070 JavaThread "Thread-9" daemon [_thread_in_native, id=2892, stack(0x0000003c1e900000,0x0000003c1ea00000)]
  0x0000016b465449f0 JavaThread "Thread-10" daemon [_thread_in_native, id=14656, stack(0x0000003c1ea00000,0x0000003c1eb00000)]
  0x0000016b4653eed0 JavaThread "pool-2-thread-1" [_thread_blocked, id=13260, stack(0x0000003c1ec00000,0x0000003c1ed00000)]
  0x0000016b4653f3e0 JavaThread "Worker-5" [_thread_blocked, id=14540, stack(0x0000003c1ed00000,0x0000003c1ee00000)]
  0x0000016b4653da90 JavaThread "WorkspaceEventsHandler" [_thread_blocked, id=9364, stack(0x0000003c1ef00000,0x0000003c1f000000)]
  0x0000016b46541750 JavaThread "pool-1-thread-1" [_thread_blocked, id=16972, stack(0x0000003c1f000000,0x0000003c1f100000)]
  0x0000016b49a80d60 JavaThread "ForkJoinPool.commonPool-worker-5" daemon [_thread_blocked, id=12452, stack(0x0000003c1f700000,0x0000003c1f800000)]
  0x0000016b49a7fe30 JavaThread "Cleaner-0" daemon [_thread_blocked, id=8748, stack(0x0000003c1d800000,0x0000003c1d900000)]
  0x0000016b49a830d0 JavaThread "ForkJoinPool.commonPool-worker-9" daemon [_thread_blocked, id=10488, stack(0x0000003c1bb00000,0x0000003c1bc00000)]
  0x0000016b49a81780 JavaThread "Java Debug Server" daemon [_thread_in_native, id=16936, stack(0x0000003c1ba00000,0x0000003c1bb00000)]
  0x0000016b49a81c90 JavaThread "RxSchedulerPurge-1" daemon [_thread_blocked, id=19380, stack(0x0000003c1dc00000,0x0000003c1dd00000)]
  0x0000016b49a80850 JavaThread "RxCachedWorkerPoolEvictor-1" daemon [_thread_blocked, id=16804, stack(0x0000003c1dd00000,0x0000003c1de00000)]
  0x0000016b49a84000 JavaThread "ForkJoinPool.commonPool-worker-11" daemon [_thread_blocked, id=1704, stack(0x0000003c1de00000,0x0000003c1df00000)]
=>0x0000016b4588e360 JavaThread "C2 CompilerThread1" daemon [_thread_in_native, id=10808, stack(0x0000003c1b900000,0x0000003c1ba00000)]
  0x0000016b49a84510 JavaThread "ForkJoinPool.commonPool-worker-12" daemon [_thread_blocked, id=1768, stack(0x0000003c1db00000,0x0000003c1dc00000)]
  0x0000016b4588fdf0 JavaThread "C2 CompilerThread2" daemon [_thread_in_native, id=13324, stack(0x0000003c1e100000,0x0000003c1e200000)]
  0x0000016b49a84f30 JavaThread "Worker-7" [_thread_blocked, id=6396, stack(0x0000003c1eb00000,0x0000003c1ec00000)]

Other Threads:
  0x0000016b28feb550 VMThread "VM Thread" [stack: 0x0000003c1be00000,0x0000003c1bf00000] [id=10736]
  0x0000016b443d8180 WatcherThread [stack: 0x0000003c1ca00000,0x0000003c1cb00000] [id=6180]
  0x0000016b28f767e0 GCTaskThread "GC Thread#0" [stack: 0x0000003c1bd00000,0x0000003c1be00000] [id=17920]
  0x0000016b4545a820 GCTaskThread "GC Thread#1" [stack: 0x0000003c1cc00000,0x0000003c1cd00000] [id=14408]
  0x0000016b456ce060 GCTaskThread "GC Thread#2" [stack: 0x0000003c1cd00000,0x0000003c1ce00000] [id=8416]
  0x0000016b456ce320 GCTaskThread "GC Thread#3" [stack: 0x0000003c1ce00000,0x0000003c1cf00000] [id=2236]
  0x0000016b456ce9f0 GCTaskThread "GC Thread#4" [stack: 0x0000003c1cf00000,0x0000003c1d000000] [id=17056]
  0x0000016b456cecb0 GCTaskThread "GC Thread#5" [stack: 0x0000003c1d000000,0x0000003c1d100000] [id=14584]
  0x0000016b452862f0 GCTaskThread "GC Thread#6" [stack: 0x0000003c1d100000,0x0000003c1d200000] [id=8464]
  0x0000016b28ee97c0 GCTaskThread "GC Thread#7" [stack: 0x0000003c1d700000,0x0000003c1d800000] [id=7452]

Threads with active compile tasks:
C2 CompilerThread1   745702 10893   !   4       com.google.gson.internal.bind.ReflectiveTypeAdapterFactory$2::write (140 bytes)
C2 CompilerThread2   745702 10938       4       org.eclipse.jdt.internal.compiler.lookup.BinaryTypeBinding::resolveType (207 bytes)

VM state: not at safepoint (normal execution)

VM Mutex/Monitor currently owned by a thread: None

Heap address: 0x00000000c0000000, size: 1024 MB, Compressed Oops mode: 32-bit

CDS archive(s) not mapped
Compressed class space mapped at: 0x0000000100000000-0x0000000140000000, reserved size: 1073741824
Narrow klass base: 0x0000000000000000, Narrow klass shift: 3, Narrow klass range: 0x140000000

GC Precious Log:
 CPUs: 8 total, 8 available
 Memory: 8023M
 Large Page Support: Disabled
 NUMA Support: Disabled
 Compressed Oops: Enabled (32-bit)
 Alignments: Space 512K, Generation 512K, Heap 2M
 Heap Min Capacity: 100M
 Heap Initial Capacity: 100M
 Heap Max Capacity: 1G
 Pre-touch: Disabled
 Parallel Workers: 8

Heap:
 PSYoungGen      total 24064K, used 9313K [0x00000000eab00000, 0x00000000ecc80000, 0x0000000100000000)
  eden space 18944K, 22% used [0x00000000eab00000,0x00000000eaf1f000,0x00000000ebd80000)
  from space 5120K, 99% used [0x00000000ebd80000,0x00000000ec279520,0x00000000ec280000)
  to   space 7680K, 0% used [0x00000000ec500000,0x00000000ec500000,0x00000000ecc80000)
 ParOldGen       total 165376K, used 145562K [0x00000000c0000000, 0x00000000ca180000, 0x00000000eab00000)
  object space 165376K, 88% used [0x00000000c0000000,0x00000000c8e26800,0x00000000ca180000)
 Metaspace       used 81266K, committed 82624K, reserved 1179648K
  class space    used 8801K, committed 9408K, reserved 1048576K

Card table byte_map: [0x0000016b3c5e0000,0x0000016b3c7f0000] _byte_map_base: 0x0000016b3bfe0000

Marking Bits: (ParMarkBitMap*) 0x00007ffa630a6940
 Begin Bits: [0x0000016b3c950000, 0x0000016b3d950000)
 End Bits:   [0x0000016b3d950000, 0x0000016b3e950000)

Polling page: 0x0000016b29020000

Metaspace:

Usage:
  Non-class:     70.77 MB used.
      Class:      8.60 MB used.
       Both:     79.36 MB used.

Virtual space:
  Non-class space:      128.00 MB reserved,      71.50 MB ( 56%) committed,  2 nodes.
      Class space:        1.00 GB reserved,       9.19 MB ( <1%) committed,  1 nodes.
             Both:        1.12 GB reserved,      80.69 MB (  7%) committed. 

Chunk freelists:
   Non-Class:  8.33 MB
       Class:  6.73 MB
        Both:  15.05 MB

MaxMetaspaceSize: unlimited
CompressedClassSpaceSize: 1.00 GB
Initial GC threshold: 21.00 MB
Current GC threshold: 108.12 MB
CDS: off
MetaspaceReclaimPolicy: balanced
 - commit_granule_bytes: 65536.
 - commit_granule_words: 8192.
 - virtual_space_node_default_size: 8388608.
 - enlarge_chunks_in_place: 1.
 - new_chunks_are_fully_committed: 0.
 - uncommit_free_chunks: 1.
 - use_allocation_guard: 0.
 - handle_deallocations: 1.


Internal statistics:

num_allocs_failed_limit: 6.
num_arena_births: 854.
num_arena_deaths: 20.
num_vsnodes_births: 3.
num_vsnodes_deaths: 0.
num_space_committed: 1291.
num_space_uncommitted: 0.
num_chunks_returned_to_freelist: 26.
num_chunks_taken_from_freelist: 4317.
num_chunk_merges: 7.
num_chunk_splits: 2671.
num_chunks_enlarged: 1541.
num_inconsistent_stats: 0.

CodeHeap 'non-profiled nmethods': size=120000Kb used=6083Kb max_used=6419Kb free=113916Kb
 bounds [0x0000016b34ed0000, 0x0000016b35550000, 0x0000016b3c400000]
CodeHeap 'profiled nmethods': size=120000Kb used=16899Kb max_used=18054Kb free=103100Kb
 bounds [0x0000016b2d400000, 0x0000016b2e5b0000, 0x0000016b34930000]
CodeHeap 'non-nmethods': size=5760Kb used=1413Kb max_used=1520Kb free=4346Kb
 bounds [0x0000016b34930000, 0x0000016b34ba0000, 0x0000016b34ed0000]
 total_blobs=9416 nmethods=8640 adapters=685
 compilation: enabled
              stopped_count=0, restarted_count=0
 full_count=0

Compilation events (20 events):
Event: 745.143 Thread 0x0000016b4588d8c0 nmethod 10865 0x0000016b351c4610 code [0x0000016b351c47e0, 0x0000016b351c5408]
Event: 745.143 Thread 0x0000016b4588d8c0 10894       4       java.io.StringWriter::append (6 bytes)
Event: 745.146 Thread 0x0000016b4588e360 nmethod 10869 0x0000016b351c3910 code [0x0000016b351c3ac0, 0x0000016b351c4198]
Event: 745.146 Thread 0x0000016b4588e360 10893   !   4       com.google.gson.internal.bind.ReflectiveTypeAdapterFactory$2::write (140 bytes)
Event: 745.155 Thread 0x0000016b440978f0 nmethod 10868 0x0000016b3538db90 code [0x0000016b3538dd80, 0x0000016b3538f2f8]
Event: 745.155 Thread 0x0000016b440978f0 10861       4       java.util.Calendar::internalSet (8 bytes)
Event: 745.155 Thread 0x0000016b4588d8c0 nmethod 10894 0x0000016b351e9d90 code [0x0000016b351e9f40, 0x0000016b351ea998]
Event: 745.156 Thread 0x0000016b440978f0 nmethod 10861 0x0000016b351c3510 code [0x0000016b351c3680, 0x0000016b351c3738]
Event: 745.329 Thread 0x0000016b4409c480 10898       3       java.net.URI::getSchemeSpecificPart (24 bytes)
Event: 745.329 Thread 0x0000016b4409c480 nmethod 10898 0x0000016b2e245310 code [0x0000016b2e2454c0, 0x0000016b2e2456f8]
Event: 745.329 Thread 0x0000016b4409c480 10899       3       java.net.URI::getRawSchemeSpecificPart (156 bytes)
Event: 745.330 Thread 0x0000016b440978f0 10900       4       org.eclipse.core.internal.resources.Project::getProject (2 bytes)
Event: 745.330 Thread 0x0000016b440978f0 nmethod 10900 0x0000016b3538d890 code [0x0000016b3538da00, 0x0000016b3538da78]
Event: 745.330 Thread 0x0000016b440978f0 10901       4       java.lang.String::indexOf (18 bytes)
Event: 745.331 Thread 0x0000016b4409c480 nmethod 10899 0x0000016b2d667010 code [0x0000016b2d667300, 0x0000016b2d6683e8]
Event: 745.333 Thread 0x0000016b440978f0 nmethod 10901 0x0000016b351bf990 code [0x0000016b351bfb20, 0x0000016b351bfed8]
Event: 745.347 Thread 0x0000016b4409c480 10902       3       org.eclipse.lsp4j.jsonrpc.json.adapters.MessageTypeAdapter::isNull (17 bytes)
Event: 745.347 Thread 0x0000016b4409c480 nmethod 10902 0x0000016b2dc20e90 code [0x0000016b2dc21020, 0x0000016b2dc21298]
Event: 745.350 Thread 0x0000016b440978f0 10903       4       org.eclipse.jdt.internal.core.JavaElement::equals (57 bytes)
Event: 745.353 Thread 0x0000016b440978f0 nmethod 10903 0x0000016b351e9710 code [0x0000016b351e98a0, 0x0000016b351e9b58]

GC Heap History (20 events):
Event: 445.592 GC heap before
{Heap before GC invocations=186 (full 8):
 PSYoungGen      total 21504K, used 21475K [0x00000000eab00000, 0x00000000ec700000, 0x0000000100000000)
  eden space 18944K, 100% used [0x00000000eab00000,0x00000000ebd80000,0x00000000ebd80000)
  from space 2560K, 98% used [0x00000000ec400000,0x00000000ec678f30,0x00000000ec680000)
  to   space 512K, 0% used [0x00000000ec680000,0x00000000ec680000,0x00000000ec700000)
 ParOldGen       total 165376K, used 133210K [0x00000000c0000000, 0x00000000ca180000, 0x00000000eab00000)
  object space 165376K, 80% used [0x00000000c0000000,0x00000000c8216aa8,0x00000000ca180000)
 Metaspace       used 77931K, committed 79232K, reserved 1179648K
  class space    used 8485K, committed 9088K, reserved 1048576K
}
Event: 445.596 GC heap after
{Heap after GC invocations=186 (full 8):
 PSYoungGen      total 19456K, used 511K [0x00000000eab00000, 0x00000000ec700000, 0x0000000100000000)
  eden space 18944K, 0% used [0x00000000eab00000,0x00000000eab00000,0x00000000ebd80000)
  from space 512K, 99% used [0x00000000ec680000,0x00000000ec6ffd08,0x00000000ec700000)
  to   space 3072K, 0% used [0x00000000ec100000,0x00000000ec100000,0x00000000ec400000)
 ParOldGen       total 165376K, used 135410K [0x00000000c0000000, 0x00000000ca180000, 0x00000000eab00000)
  object space 165376K, 81% used [0x00000000c0000000,0x00000000c843c968,0x00000000ca180000)
 Metaspace       used 77931K, committed 79232K, reserved 1179648K
  class space    used 8485K, committed 9088K, reserved 1048576K
}
Event: 448.072 GC heap before
{Heap before GC invocations=187 (full 8):
 PSYoungGen      total 19456K, used 19455K [0x00000000eab00000, 0x00000000ec700000, 0x0000000100000000)
  eden space 18944K, 100% used [0x00000000eab00000,0x00000000ebd80000,0x00000000ebd80000)
  from space 512K, 99% used [0x00000000ec680000,0x00000000ec6ffd08,0x00000000ec700000)
  to   space 3072K, 0% used [0x00000000ec100000,0x00000000ec100000,0x00000000ec400000)
 ParOldGen       total 165376K, used 135410K [0x00000000c0000000, 0x00000000ca180000, 0x00000000eab00000)
  object space 165376K, 81% used [0x00000000c0000000,0x00000000c843c968,0x00000000ca180000)
 Metaspace       used 78030K, committed 79296K, reserved 1179648K
  class space    used 8486K, committed 9088K, reserved 1048576K
}
Event: 448.075 GC heap after
{Heap after GC invocations=187 (full 8):
 PSYoungGen      total 22016K, used 3058K [0x00000000eab00000, 0x00000000eca80000, 0x0000000100000000)
  eden space 18944K, 0% used [0x00000000eab00000,0x00000000eab00000,0x00000000ebd80000)
  from space 3072K, 99% used [0x00000000ec100000,0x00000000ec3fcbf8,0x00000000ec400000)
  to   space 6656K, 0% used [0x00000000ec400000,0x00000000ec400000,0x00000000eca80000)
 ParOldGen       total 165376K, used 138383K [0x00000000c0000000, 0x00000000ca180000, 0x00000000eab00000)
  object space 165376K, 83% used [0x00000000c0000000,0x00000000c8723f00,0x00000000ca180000)
 Metaspace       used 78030K, committed 79296K, reserved 1179648K
  class space    used 8486K, committed 9088K, reserved 1048576K
}
Event: 484.185 GC heap before
{Heap before GC invocations=188 (full 8):
 PSYoungGen      total 22016K, used 20287K [0x00000000eab00000, 0x00000000eca80000, 0x0000000100000000)
  eden space 18944K, 90% used [0x00000000eab00000,0x00000000ebbd30c8,0x00000000ebd80000)
  from space 3072K, 99% used [0x00000000ec100000,0x00000000ec3fcbf8,0x00000000ec400000)
  to   space 6656K, 0% used [0x00000000ec400000,0x00000000ec400000,0x00000000eca80000)
 ParOldGen       total 165376K, used 138383K [0x00000000c0000000, 0x00000000ca180000, 0x00000000eab00000)
  object space 165376K, 83% used [0x00000000c0000000,0x00000000c8723f00,0x00000000ca180000)
 Metaspace       used 78827K, committed 80128K, reserved 1179648K
  class space    used 8620K, committed 9216K, reserved 1048576K
}
Event: 484.188 GC heap after
{Heap after GC invocations=188 (full 8):
 PSYoungGen      total 19968K, used 923K [0x00000000eab00000, 0x00000000ec500000, 0x0000000100000000)
  eden space 18944K, 0% used [0x00000000eab00000,0x00000000eab00000,0x00000000ebd80000)
  from space 1024K, 90% used [0x00000000ec400000,0x00000000ec4e6f30,0x00000000ec500000)
  to   space 3072K, 0% used [0x00000000ebf00000,0x00000000ebf00000,0x00000000ec200000)
 ParOldGen       total 165376K, used 138463K [0x00000000c0000000, 0x00000000ca180000, 0x00000000eab00000)
  object space 165376K, 83% used [0x00000000c0000000,0x00000000c8737f00,0x00000000ca180000)
 Metaspace       used 78827K, committed 80128K, reserved 1179648K
  class space    used 8620K, committed 9216K, reserved 1048576K
}
Event: 484.676 GC heap before
{Heap before GC invocations=189 (full 8):
 PSYoungGen      total 19968K, used 19867K [0x00000000eab00000, 0x00000000ec500000, 0x0000000100000000)
  eden space 18944K, 99% used [0x00000000eab00000,0x00000000ebd7fff8,0x00000000ebd80000)
  from space 1024K, 90% used [0x00000000ec400000,0x00000000ec4e6f30,0x00000000ec500000)
  to   space 3072K, 0% used [0x00000000ebf00000,0x00000000ebf00000,0x00000000ec200000)
 ParOldGen       total 165376K, used 138463K [0x00000000c0000000, 0x00000000ca180000, 0x00000000eab00000)
  object space 165376K, 83% used [0x00000000c0000000,0x00000000c8737f00,0x00000000ca180000)
 Metaspace       used 79270K, committed 80512K, reserved 1179648K
  class space    used 8640K, committed 9216K, reserved 1048576K
}
Event: 484.680 GC heap after
{Heap after GC invocations=189 (full 8):
 PSYoungGen      total 22016K, used 3061K [0x00000000eab00000, 0x00000000ecc80000, 0x0000000100000000)
  eden space 18944K, 0% used [0x00000000eab00000,0x00000000eab00000,0x00000000ebd80000)
  from space 3072K, 99% used [0x00000000ebf00000,0x00000000ec1fd4b0,0x00000000ec200000)
  to   space 7680K, 0% used [0x00000000ec500000,0x00000000ec500000,0x00000000ecc80000)
 ParOldGen       total 165376K, used 141874K [0x00000000c0000000, 0x00000000ca180000, 0x00000000eab00000)
  object space 165376K, 85% used [0x00000000c0000000,0x00000000c8a8c8b8,0x00000000ca180000)
 Metaspace       used 79270K, committed 80512K, reserved 1179648K
  class space    used 8640K, committed 9216K, reserved 1048576K
}
Event: 484.733 GC heap before
{Heap before GC invocations=190 (full 8):
 PSYoungGen      total 22016K, used 22005K [0x00000000eab00000, 0x00000000ecc80000, 0x0000000100000000)
  eden space 18944K, 100% used [0x00000000eab00000,0x00000000ebd80000,0x00000000ebd80000)
  from space 3072K, 99% used [0x00000000ebf00000,0x00000000ec1fd4b0,0x00000000ec200000)
  to   space 7680K, 0% used [0x00000000ec500000,0x00000000ec500000,0x00000000ecc80000)
 ParOldGen       total 165376K, used 141874K [0x00000000c0000000, 0x00000000ca180000, 0x00000000eab00000)
  object space 165376K, 85% used [0x00000000c0000000,0x00000000c8a8c8b8,0x00000000ca180000)
 Metaspace       used 79353K, committed 80704K, reserved 1179648K
  class space    used 8646K, committed 9280K, reserved 1048576K
}
Event: 484.738 GC heap after
{Heap after GC invocations=190 (full 8):
 PSYoungGen      total 23552K, used 4325K [0x00000000eab00000, 0x00000000ec980000, 0x0000000100000000)
  eden space 18944K, 0% used [0x00000000eab00000,0x00000000eab00000,0x00000000ebd80000)
  from space 4608K, 93% used [0x00000000ec500000,0x00000000ec9394e0,0x00000000ec980000)
  to   space 5120K, 0% used [0x00000000ebf80000,0x00000000ebf80000,0x00000000ec480000)
 ParOldGen       total 165376K, used 141906K [0x00000000c0000000, 0x00000000ca180000, 0x00000000eab00000)
  object space 165376K, 85% used [0x00000000c0000000,0x00000000c8a948b8,0x00000000ca180000)
 Metaspace       used 79353K, committed 80704K, reserved 1179648K
  class space    used 8646K, committed 9280K, reserved 1048576K
}
Event: 484.784 GC heap before
{Heap before GC invocations=191 (full 8):
 PSYoungGen      total 23552K, used 23269K [0x00000000eab00000, 0x00000000ec980000, 0x0000000100000000)
  eden space 18944K, 100% used [0x00000000eab00000,0x00000000ebd80000,0x00000000ebd80000)
  from space 4608K, 93% used [0x00000000ec500000,0x00000000ec9394e0,0x00000000ec980000)
  to   space 5120K, 0% used [0x00000000ebf80000,0x00000000ebf80000,0x00000000ec480000)
 ParOldGen       total 165376K, used 141906K [0x00000000c0000000, 0x00000000ca180000, 0x00000000eab00000)
  object space 165376K, 85% used [0x00000000c0000000,0x00000000c8a948b8,0x00000000ca180000)
 Metaspace       used 79459K, committed 80832K, reserved 1179648K
  class space    used 8651K, committed 9280K, reserved 1048576K
}
Event: 484.790 GC heap after
{Heap after GC invocations=191 (full 8):
 PSYoungGen      total 24064K, used 5093K [0x00000000eab00000, 0x00000000ec880000, 0x0000000100000000)
  eden space 18944K, 0% used [0x00000000eab00000,0x00000000eab00000,0x00000000ebd80000)
  from space 5120K, 99% used [0x00000000ebf80000,0x00000000ec479520,0x00000000ec480000)
  to   space 4096K, 0% used [0x00000000ec480000,0x00000000ec480000,0x00000000ec880000)
 ParOldGen       total 165376K, used 141914K [0x00000000c0000000, 0x00000000ca180000, 0x00000000eab00000)
  object space 165376K, 85% used [0x00000000c0000000,0x00000000c8a968b8,0x00000000ca180000)
 Metaspace       used 79459K, committed 80832K, reserved 1179648K
  class space    used 8651K, committed 9280K, reserved 1048576K
}
Event: 484.856 GC heap before
{Heap before GC invocations=192 (full 8):
 PSYoungGen      total 24064K, used 24037K [0x00000000eab00000, 0x00000000ec880000, 0x0000000100000000)
  eden space 18944K, 100% used [0x00000000eab00000,0x00000000ebd80000,0x00000000ebd80000)
  from space 5120K, 99% used [0x00000000ebf80000,0x00000000ec479520,0x00000000ec480000)
  to   space 4096K, 0% used [0x00000000ec480000,0x00000000ec480000,0x00000000ec880000)
 ParOldGen       total 165376K, used 141914K [0x00000000c0000000, 0x00000000ca180000, 0x00000000eab00000)
  object space 165376K, 85% used [0x00000000c0000000,0x00000000c8a968b8,0x00000000ca180000)
 Metaspace       used 79692K, committed 81088K, reserved 1179648K
  class space    used 8664K, committed 9280K, reserved 1048576K
}
Event: 484.862 GC heap after
{Heap after GC invocations=192 (full 8):
 PSYoungGen      total 23040K, used 4085K [0x00000000eab00000, 0x00000000ec980000, 0x0000000100000000)
  eden space 18944K, 0% used [0x00000000eab00000,0x00000000eab00000,0x00000000ebd80000)
  from space 4096K, 99% used [0x00000000ec480000,0x00000000ec87d4b0,0x00000000ec880000)
  to   space 6144K, 0% used [0x00000000ebd80000,0x00000000ebd80000,0x00000000ec380000)
 ParOldGen       total 165376K, used 143564K [0x00000000c0000000, 0x00000000ca180000, 0x00000000eab00000)
  object space 165376K, 86% used [0x00000000c0000000,0x00000000c8c33128,0x00000000ca180000)
 Metaspace       used 79692K, committed 81088K, reserved 1179648K
  class space    used 8664K, committed 9280K, reserved 1048576K
}
Event: 484.915 GC heap before
{Heap before GC invocations=193 (full 8):
 PSYoungGen      total 23040K, used 23029K [0x00000000eab00000, 0x00000000ec980000, 0x0000000100000000)
  eden space 18944K, 100% used [0x00000000eab00000,0x00000000ebd80000,0x00000000ebd80000)
  from space 4096K, 99% used [0x00000000ec480000,0x00000000ec87d4b0,0x00000000ec880000)
  to   space 6144K, 0% used [0x00000000ebd80000,0x00000000ebd80000,0x00000000ec380000)
 ParOldGen       total 165376K, used 143564K [0x00000000c0000000, 0x00000000ca180000, 0x00000000eab00000)
  object space 165376K, 86% used [0x00000000c0000000,0x00000000c8c33128,0x00000000ca180000)
 Metaspace       used 79816K, committed 81152K, reserved 1179648K
  class space    used 8669K, committed 9280K, reserved 1048576K
}
Event: 484.919 GC heap after
{Heap after GC invocations=193 (full 8):
 PSYoungGen      total 23552K, used 4546K [0x00000000eab00000, 0x00000000ec780000, 0x0000000100000000)
  eden space 18944K, 0% used [0x00000000eab00000,0x00000000eab00000,0x00000000ebd80000)
  from space 4608K, 98% used [0x00000000ebd80000,0x00000000ec1f0988,0x00000000ec200000)
  to   space 5120K, 0% used [0x00000000ec280000,0x00000000ec280000,0x00000000ec780000)
 ParOldGen       total 165376K, used 143580K [0x00000000c0000000, 0x00000000ca180000, 0x00000000eab00000)
  object space 165376K, 86% used [0x00000000c0000000,0x00000000c8c37128,0x00000000ca180000)
 Metaspace       used 79816K, committed 81152K, reserved 1179648K
  class space    used 8669K, committed 9280K, reserved 1048576K
}
Event: 484.974 GC heap before
{Heap before GC invocations=194 (full 8):
 PSYoungGen      total 23552K, used 23490K [0x00000000eab00000, 0x00000000ec780000, 0x0000000100000000)
  eden space 18944K, 100% used [0x00000000eab00000,0x00000000ebd80000,0x00000000ebd80000)
  from space 4608K, 98% used [0x00000000ebd80000,0x00000000ec1f0988,0x00000000ec200000)
  to   space 5120K, 0% used [0x00000000ec280000,0x00000000ec280000,0x00000000ec780000)
 ParOldGen       total 165376K, used 143580K [0x00000000c0000000, 0x00000000ca180000, 0x00000000eab00000)
  object space 165376K, 86% used [0x00000000c0000000,0x00000000c8c37128,0x00000000ca180000)
 Metaspace       used 80006K, committed 81344K, reserved 1179648K
  class space    used 8683K, committed 9280K, reserved 1048576K
}
Event: 484.980 GC heap after
{Heap after GC invocations=194 (full 8):
 PSYoungGen      total 24064K, used 4952K [0x00000000eab00000, 0x00000000ec780000, 0x0000000100000000)
  eden space 18944K, 0% used [0x00000000eab00000,0x00000000eab00000,0x00000000ebd80000)
  from space 5120K, 96% used [0x00000000ec280000,0x00000000ec7560f8,0x00000000ec780000)
  to   space 5120K, 0% used [0x00000000ebd80000,0x00000000ebd80000,0x00000000ec280000)
 ParOldGen       total 165376K, used 143580K [0x00000000c0000000, 0x00000000ca180000, 0x00000000eab00000)
  object space 165376K, 86% used [0x00000000c0000000,0x00000000c8c37128,0x00000000ca180000)
 Metaspace       used 80006K, committed 81344K, reserved 1179648K
  class space    used 8683K, committed 9280K, reserved 1048576K
}
Event: 745.047 GC heap before
{Heap before GC invocations=195 (full 8):
 PSYoungGen      total 24064K, used 23896K [0x00000000eab00000, 0x00000000ec780000, 0x0000000100000000)
  eden space 18944K, 100% used [0x00000000eab00000,0x00000000ebd80000,0x00000000ebd80000)
  from space 5120K, 96% used [0x00000000ec280000,0x00000000ec7560f8,0x00000000ec780000)
  to   space 5120K, 0% used [0x00000000ebd80000,0x00000000ebd80000,0x00000000ec280000)
 ParOldGen       total 165376K, used 143580K [0x00000000c0000000, 0x00000000ca180000, 0x00000000eab00000)
  object space 165376K, 86% used [0x00000000c0000000,0x00000000c8c37128,0x00000000ca180000)
 Metaspace       used 81199K, committed 82560K, reserved 1179648K
  class space    used 8801K, committed 9408K, reserved 1048576K
}
Event: 745.053 GC heap after
{Heap after GC invocations=195 (full 8):
 PSYoungGen      total 24064K, used 5093K [0x00000000eab00000, 0x00000000ecc80000, 0x0000000100000000)
  eden space 18944K, 0% used [0x00000000eab00000,0x00000000eab00000,0x00000000ebd80000)
  from space 5120K, 99% used [0x00000000ebd80000,0x00000000ec279520,0x00000000ec280000)
  to   space 7680K, 0% used [0x00000000ec500000,0x00000000ec500000,0x00000000ecc80000)
 ParOldGen       total 165376K, used 145562K [0x00000000c0000000, 0x00000000ca180000, 0x00000000eab00000)
  object space 165376K, 88% used [0x00000000c0000000,0x00000000c8e26800,0x00000000ca180000)
 Metaspace       used 81199K, committed 82560K, reserved 1179648K
  class space    used 8801K, committed 9408K, reserved 1048576K
}

Dll operation events (11 events):
Event: 0.025 Loaded shared library c:\Users\MPF\.vscode\extensions\redhat.java-1.36.0-win32-x64\jre\17.0.13-win32-x86_64\bin\java.dll
Event: 0.350 Loaded shared library c:\Users\MPF\.vscode\extensions\redhat.java-1.36.0-win32-x64\jre\17.0.13-win32-x86_64\bin\zip.dll
Event: 0.361 Loaded shared library C:\Users\MPF\.vscode\extensions\redhat.java-1.36.0-win32-x64\jre\17.0.13-win32-x86_64\bin\instrument.dll
Event: 0.383 Loaded shared library C:\Users\MPF\.vscode\extensions\redhat.java-1.36.0-win32-x64\jre\17.0.13-win32-x86_64\bin\net.dll
Event: 0.387 Loaded shared library C:\Users\MPF\.vscode\extensions\redhat.java-1.36.0-win32-x64\jre\17.0.13-win32-x86_64\bin\nio.dll
Event: 0.399 Loaded shared library C:\Users\MPF\.vscode\extensions\redhat.java-1.36.0-win32-x64\jre\17.0.13-win32-x86_64\bin\zip.dll
Event: 0.432 Loaded shared library C:\Users\MPF\.vscode\extensions\redhat.java-1.36.0-win32-x64\jre\17.0.13-win32-x86_64\bin\jimage.dll
Event: 0.566 Loaded shared library c:\Users\MPF\.vscode\extensions\redhat.java-1.36.0-win32-x64\jre\17.0.13-win32-x86_64\bin\verify.dll
Event: 2.621 Loaded shared library C:\Users\MPF\AppData\Roaming\Code\User\globalStorage\redhat.java\1.36.0\config_win\org.eclipse.equinox.launcher\org.eclipse.equinox.launcher.win32.win32.x86_64_1.2.1100.v20240722-2106\eclipse_11904.dll
Event: 9.553 Loaded shared library C:\Users\MPF\AppData\Local\Temp\jna-76547\jna3950467837232361979.dll
Event: 194.897 Loaded shared library C:\Users\MPF\.vscode\extensions\redhat.java-1.36.0-win32-x64\jre\17.0.13-win32-x86_64\bin\extnet.dll

Deoptimization events (20 events):
Event: 745.032 Thread 0x0000016b46541750 DEOPT PACKING pc=0x0000016b354fd728 sp=0x0000003c1f0fd4e0
Event: 745.032 Thread 0x0000016b46541750 DEOPT UNPACKING pc=0x0000016b349866a3 sp=0x0000003c1f0fd400 mode 2
Event: 745.032 Thread 0x0000016b46541750 Uncommon trap: trap_request=0xffffff45 fr.pc=0x0000016b354c8254 relative=0x0000000000000334
Event: 745.032 Thread 0x0000016b46541750 Uncommon trap: reason=unstable_if action=reinterpret pc=0x0000016b354c8254 method=org.eclipse.jface.text.DefaultLineTracker.nextDelimiterInfo(Ljava/lang/String;I)Lorg/eclipse/jface/text/AbstractLineTracker$DelimiterInfo; @ 22 c2
Event: 745.032 Thread 0x0000016b46541750 DEOPT PACKING pc=0x0000016b354c8254 sp=0x0000003c1f0fd470
Event: 745.032 Thread 0x0000016b46541750 DEOPT UNPACKING pc=0x0000016b349866a3 sp=0x0000003c1f0fd400 mode 2
Event: 745.044 Thread 0x0000016b46541750 Uncommon trap: trap_request=0xffffffbe fr.pc=0x0000016b34fb28f8 relative=0x00000000000007f8
Event: 745.044 Thread 0x0000016b46541750 Uncommon trap: reason=profile_predicate action=maybe_recompile pc=0x0000016b34fb28f8 method=java.io.InputStream.read([BII)I @ 40 c2
Event: 745.044 Thread 0x0000016b46541750 DEOPT PACKING pc=0x0000016b34fb28f8 sp=0x0000003c1f0fe9d0
Event: 745.044 Thread 0x0000016b46541750 DEOPT UNPACKING pc=0x0000016b349866a3 sp=0x0000003c1f0fe960 mode 2
Event: 745.044 Thread 0x0000016b46541750 Uncommon trap: trap_request=0xffffffbe fr.pc=0x0000016b354c6398 relative=0x00000000000004d8
Event: 745.044 Thread 0x0000016b46541750 Uncommon trap: reason=profile_predicate action=maybe_recompile pc=0x0000016b354c6398 method=java.io.InputStream.read([BII)I @ 37 c2
Event: 745.044 Thread 0x0000016b46541750 DEOPT PACKING pc=0x0000016b354c6398 sp=0x0000003c1f0fe9b0
Event: 745.044 Thread 0x0000016b46541750 DEOPT UNPACKING pc=0x0000016b349866a3 sp=0x0000003c1f0fe970 mode 2
Event: 745.122 Thread 0x0000016b46541750 Uncommon trap: trap_request=0xffffffbe fr.pc=0x0000016b354c6398 relative=0x00000000000004d8
Event: 745.122 Thread 0x0000016b46541750 Uncommon trap: reason=profile_predicate action=maybe_recompile pc=0x0000016b354c6398 method=java.io.InputStream.read([BII)I @ 37 c2
Event: 745.122 Thread 0x0000016b46541750 DEOPT PACKING pc=0x0000016b354c6398 sp=0x0000003c1f0fe9b0
Event: 745.122 Thread 0x0000016b46541750 DEOPT UNPACKING pc=0x0000016b349866a3 sp=0x0000003c1f0fe970 mode 2
Event: 745.125 Thread 0x0000016b49a84000 DEOPT PACKING pc=0x0000016b2e190966 sp=0x0000003c1defe470
Event: 745.125 Thread 0x0000016b49a84000 DEOPT UNPACKING pc=0x0000016b34986e43 sp=0x0000003c1defda00 mode 0

Classes loaded (20 events):
Event: 200.848 Loading class java/util/concurrent/CompletableFuture$AsyncRun
Event: 200.848 Loading class java/util/concurrent/CompletableFuture$AsyncRun done
Event: 431.685 Loading class java/util/stream/ReferencePipeline$15
Event: 431.685 Loading class java/util/stream/ReferencePipeline$15 done
Event: 431.685 Loading class java/util/stream/ReferencePipeline$15$1
Event: 431.685 Loading class java/util/stream/ReferencePipeline$15$1 done
Event: 454.497 Loading class java/lang/ProcessHandleImpl$ExitCompletion
Event: 454.497 Loading class java/lang/ProcessHandleImpl$ExitCompletion done
Event: 454.497 Loading class java/lang/ProcessHandleImpl$1
Event: 454.497 Loading class java/lang/ProcessHandleImpl$1 done
Event: 454.498 Loading class java/util/concurrent/CompletableFuture$UniHandle
Event: 454.498 Loading class java/util/concurrent/CompletableFuture$UniHandle done
Event: 475.434 Loading class java/util/function/IntBinaryOperator
Event: 475.434 Loading class java/util/function/IntBinaryOperator done
Event: 475.434 Loading class java/util/stream/ReduceOps$6
Event: 475.451 Loading class java/util/stream/ReduceOps$6 done
Event: 475.451 Loading class java/util/stream/ReduceOps$5ReducingSink
Event: 475.451 Loading class java/util/stream/ReduceOps$5ReducingSink done
Event: 485.289 Loading class java/util/Vector$Itr
Event: 485.289 Loading class java/util/Vector$Itr done

Classes unloaded (10 events):
Event: 11.157 Thread 0x0000016b28feb550 Unloading class 0x0000000100254000 'java/lang/invoke/LambdaForm$MH+0x0000000100254000'
Event: 11.157 Thread 0x0000016b28feb550 Unloading class 0x0000000100253c00 'java/lang/invoke/LambdaForm$MH+0x0000000100253c00'
Event: 11.157 Thread 0x0000016b28feb550 Unloading class 0x0000000100253800 'java/lang/invoke/LambdaForm$MH+0x0000000100253800'
Event: 11.157 Thread 0x0000016b28feb550 Unloading class 0x0000000100253400 'java/lang/invoke/LambdaForm$MH+0x0000000100253400'
Event: 11.157 Thread 0x0000016b28feb550 Unloading class 0x0000000100253000 'java/lang/invoke/LambdaForm$BMH+0x0000000100253000'
Event: 11.157 Thread 0x0000016b28feb550 Unloading class 0x0000000100252c00 'java/lang/invoke/LambdaForm$DMH+0x0000000100252c00'
Event: 11.157 Thread 0x0000016b28feb550 Unloading class 0x0000000100250400 'java/lang/invoke/LambdaForm$DMH+0x0000000100250400'
Event: 15.213 Thread 0x0000016b28feb550 Unloading class 0x00000001003bac00 'java/lang/invoke/LambdaForm$MH+0x00000001003bac00'
Event: 15.213 Thread 0x0000016b28feb550 Unloading class 0x00000001003ba400 'java/lang/invoke/LambdaForm$MH+0x00000001003ba400'
Event: 15.213 Thread 0x0000016b28feb550 Unloading class 0x00000001003b9400 'java/lang/invoke/LambdaForm$MH+0x00000001003b9400'

Classes redefined (0 events):
No events

Internal exceptions (20 events):
Event: 474.582 Thread 0x0000016b49a82bc0 Exception <a 'sun/nio/fs/WindowsException'{0x00000000eb3b4700}> (0x00000000eb3b4700) 
thrown [s\src\hotspot\share\prims\jni.cpp, line 516]
Event: 474.582 Thread 0x0000016b49a82bc0 Exception <a 'sun/nio/fs/WindowsException'{0x00000000eb3b5000}> (0x00000000eb3b5000) 
thrown [s\src\hotspot\share\prims\jni.cpp, line 516]
Event: 474.582 Thread 0x0000016b49a82bc0 Exception <a 'sun/nio/fs/WindowsException'{0x00000000eb3b6188}> (0x00000000eb3b6188) 
thrown [s\src\hotspot\share\prims\jni.cpp, line 516]
Event: 474.582 Thread 0x0000016b49a82bc0 Exception <a 'sun/nio/fs/WindowsException'{0x00000000eb3b67e0}> (0x00000000eb3b67e0) 
thrown [s\src\hotspot\share\prims\jni.cpp, line 516]
Event: 475.169 Thread 0x0000016b49a84510 Exception <a 'java/lang/NoSuchMethodError'{0x00000000eb65dd08}: 'java.lang.Object java.lang.invoke.DirectMethodHandle$Holder.newInvokeSpecial(java.lang.Object, java.lang.Object, java.lang.Object, int, int)'> (0x00000000eb65dd08) 
thrown [s\src\hotspot\share\interpreter\linkResolver.cpp, line 759]
Event: 475.170 Thread 0x0000016b49a84510 Exception <a 'java/lang/NoSuchMethodError'{0x00000000eb665ab0}: 'java.lang.Object java.lang.invoke.Invokers$Holder.linkToTargetMethod(java.lang.Object, java.lang.Object, int, int, java.lang.Object)'> (0x00000000eb665ab0) 
thrown [s\src\hotspot\share\interpreter\linkResolver.cpp, line 759]
Event: 475.346 Thread 0x0000016b49a7dac0 Exception <a 'java/lang/NoSuchMethodError'{0x00000000eb931900}: 'java.lang.Object java.lang.invoke.DirectMethodHandle$Holder.invokeSpecial(java.lang.Object, java.lang.Object, int, java.lang.Object, int, java.lang.Object)'> (0x00000000eb931900) 
thrown [s\src\hotspot\share\interpreter\linkResolver.cpp, line 759]
Event: 475.347 Thread 0x0000016b49a7dac0 Exception <a 'java/lang/NoSuchMethodError'{0x00000000eb940da0}: 'java.lang.Object java.lang.invoke.Invokers$Holder.linkToTargetMethod(java.lang.Object, int, java.lang.Object, int, java.lang.Object)'> (0x00000000eb940da0) 
thrown [s\src\hotspot\share\interpreter\linkResolver.cpp, line 759]
Event: 484.631 Thread 0x0000016b49a80d60 Exception <a 'java/lang/ArrayIndexOutOfBoundsException'{0x00000000eb8c2d48}> (0x00000000eb8c2d48) 
thrown [s\src\hotspot\share\runtime\sharedRuntime.cpp, line 631]
Event: 484.633 Thread 0x0000016b49a80d60 Exception <a 'java/lang/ArrayIndexOutOfBoundsException'{0x00000000eb8dad08}> (0x00000000eb8dad08) 
thrown [s\src\hotspot\share\runtime\sharedRuntime.cpp, line 631]
Event: 484.633 Thread 0x0000016b49a80d60 Exception <a 'java/lang/ArrayIndexOutOfBoundsException'{0x00000000eb8dbe00}> (0x00000000eb8dbe00) 
thrown [s\src\hotspot\share\runtime\sharedRuntime.cpp, line 631]
Event: 484.634 Thread 0x0000016b49a80d60 Exception <a 'java/lang/ArrayIndexOutOfBoundsException'{0x00000000eb8e4788}> (0x00000000eb8e4788) 
thrown [s\src\hotspot\share\runtime\sharedRuntime.cpp, line 631]
Event: 484.634 Thread 0x0000016b49a80d60 Exception <a 'java/lang/ArrayIndexOutOfBoundsException'{0x00000000eb8e5978}> (0x00000000eb8e5978) 
thrown [s\src\hotspot\share\runtime\sharedRuntime.cpp, line 631]
Event: 484.634 Thread 0x0000016b49a80d60 Exception <a 'java/lang/ArrayIndexOutOfBoundsException'{0x00000000eb8e67e0}> (0x00000000eb8e67e0) 
thrown [s\src\hotspot\share\runtime\sharedRuntime.cpp, line 631]
Event: 484.634 Thread 0x0000016b49a80d60 Exception <a 'java/lang/ArrayIndexOutOfBoundsException'{0x00000000eb8e78d0}> (0x00000000eb8e78d0) 
thrown [s\src\hotspot\share\runtime\sharedRuntime.cpp, line 631]
Event: 485.100 Thread 0x0000016b49a7ef00 Exception <a 'java/lang/LinkageError'{0x00000000eb2211b8}: loader lombok.launch.ShadowClassLoader @c0876a9 attempted duplicate class definition for lombok.launch.PatchFixesHider$ValPortal. (lombok.launch.PatchFixesHider$ValPortal is in unnamed module of loader lombok.launch.ShadowClassLoader @c0876a9, parent loader org.eclipse.osgi.internal.loader.EquinoxClassLoader @6b451f0c)> (0x00000000eb2211b8) 
thrown [s\src\hotspot\share\classfile\systemDictionary.cpp, line 1723]
Event: 485.133 Thread 0x0000016b49a7f920 Exception <a 'java/lang/LinkageError'{0x00000000eb26d900}: loader lombok.launch.ShadowClassLoader @c0876a9 attempted duplicate class definition for lombok.launch.PatchFixesHider$ValPortal. (lombok.launch.PatchFixesHider$ValPortal is in unnamed module of loader lombok.launch.ShadowClassLoader @c0876a9, parent loader org.eclipse.osgi.internal.loader.EquinoxClassLoader @6b451f0c)> (0x00000000eb26d900) 
thrown [s\src\hotspot\share\classfile\systemDictionary.cpp, line 1723]
Event: 485.133 Thread 0x0000016b49a82bc0 Exception <a 'java/lang/LinkageError'{0x00000000eb2705f0}: loader lombok.launch.ShadowClassLoader @c0876a9 attempted duplicate class definition for lombok.launch.PatchFixesHider$ValPortal. (lombok.launch.PatchFixesHider$ValPortal is in unnamed module of loader lombok.launch.ShadowClassLoader @c0876a9, parent loader org.eclipse.osgi.internal.loader.EquinoxClassLoader @6b451f0c)> (0x00000000eb2705f0) 
thrown [s\src\hotspot\share\classfile\systemDictionary.cpp, line 1723]
Event: 485.303 Thread 0x0000016b49a84510 Exception <a 'java/lang/NoSuchMethodError'{0x00000000ebbe9998}: 'java.lang.Object java.lang.invoke.DirectMethodHandle$Holder.invokeStatic(java.lang.Object, int, java.lang.Object, java.lang.Object, java.lang.Object)'> (0x00000000ebbe9998) 
thrown [s\src\hotspot\share\interpreter\linkResolver.cpp, line 759]
Event: 487.663 Thread 0x0000016b49a85440 Exception <a 'java/lang/InterruptedException'{0x00000000eb611c98}> (0x00000000eb611c98) 
thrown [s\src\hotspot\share\runtime\objectMonitor.cpp, line 1658]

VM Operations (20 events):
Event: 486.362 Executing VM operation: Cleanup
Event: 486.362 Executing VM operation: Cleanup done
Event: 488.370 Executing VM operation: Cleanup
Event: 488.371 Executing VM operation: Cleanup done
Event: 515.557 Executing VM operation: Cleanup
Event: 515.557 Executing VM operation: Cleanup done
Event: 541.538 Executing VM operation: HandshakeAllThreads
Event: 541.538 Executing VM operation: HandshakeAllThreads done
Event: 601.541 Executing VM operation: HandshakeAllThreads
Event: 601.542 Executing VM operation: HandshakeAllThreads done
Event: 625.702 Executing VM operation: Cleanup
Event: 625.703 Executing VM operation: Cleanup done
Event: 661.586 Executing VM operation: HandshakeAllThreads
Event: 661.586 Executing VM operation: HandshakeAllThreads done
Event: 669.654 Executing VM operation: Cleanup
Event: 669.654 Executing VM operation: Cleanup done
Event: 721.807 Executing VM operation: HandshakeAllThreads
Event: 721.807 Executing VM operation: HandshakeAllThreads done
Event: 745.047 Executing VM operation: ParallelGCFailedAllocation
Event: 745.053 Executing VM operation: ParallelGCFailedAllocation done

Memory protections (0 events):
No events

Nmethod flushes (20 events):
Event: 485.249 Thread 0x0000016b4409d140 flushing  nmethod 0x0000016b2e4d9c10
Event: 485.249 Thread 0x0000016b4409d140 flushing  nmethod 0x0000016b2e4dad10
Event: 485.249 Thread 0x0000016b4409d140 flushing  nmethod 0x0000016b2e4ed990
Event: 485.249 Thread 0x0000016b4409d140 flushing  nmethod 0x0000016b2e4f3810
Event: 485.249 Thread 0x0000016b4409d140 flushing  nmethod 0x0000016b2e4f4e10
Event: 485.249 Thread 0x0000016b4409d140 flushing  nmethod 0x0000016b2e4f6490
Event: 485.249 Thread 0x0000016b4409d140 flushing  nmethod 0x0000016b2e4f8390
Event: 485.249 Thread 0x0000016b4409d140 flushing  nmethod 0x0000016b2e4f8710
Event: 485.249 Thread 0x0000016b4409d140 flushing  nmethod 0x0000016b2e565390
Event: 485.249 Thread 0x0000016b4409d140 flushing  nmethod 0x0000016b2e565710
Event: 485.249 Thread 0x0000016b4409d140 flushing  nmethod 0x0000016b2e56a610
Event: 485.249 Thread 0x0000016b4409d140 flushing  nmethod 0x0000016b2e56ab90
Event: 485.249 Thread 0x0000016b4409d140 flushing  nmethod 0x0000016b2e56b510
Event: 485.249 Thread 0x0000016b4409d140 flushing  nmethod 0x0000016b2e56be10
Event: 485.249 Thread 0x0000016b4409d140 flushing  nmethod 0x0000016b2e57de10
Event: 485.249 Thread 0x0000016b4409d140 flushing  nmethod 0x0000016b2e58e310
Event: 485.249 Thread 0x0000016b4409d140 flushing  nmethod 0x0000016b2e58e690
Event: 485.249 Thread 0x0000016b4409d140 flushing  nmethod 0x0000016b2e58f310
Event: 485.249 Thread 0x0000016b4409d140 flushing  nmethod 0x0000016b2e58f910
Event: 485.249 Thread 0x0000016b4409d140 flushing  nmethod 0x0000016b2e590990

Events (20 events):
Event: 484.272 Thread 0x0000016b4409c480 Thread added: 0x0000016b4852c640
Event: 484.444 Thread 0x0000016b4852c640 Thread exited: 0x0000016b4852c640
Event: 484.489 Thread 0x0000016b4409c480 Thread added: 0x0000016b4852db80
Event: 484.592 Thread 0x0000016b4409c480 Thread added: 0x0000016b4852c640
Event: 487.662 Thread 0x0000016b4852c640 Thread exited: 0x0000016b4852c640
Event: 487.663 Thread 0x0000016b49a84f30 Thread exited: 0x0000016b49a84f30
Event: 487.663 Thread 0x0000016b49a85440 Thread exited: 0x0000016b49a85440
Event: 487.663 Thread 0x0000016b49a7dac0 Thread exited: 0x0000016b49a7dac0
Event: 487.680 Thread 0x0000016b4852db80 Thread exited: 0x0000016b4852db80
Event: 487.681 Thread 0x0000016b49a84510 Thread exited: 0x0000016b49a84510
Event: 514.604 Thread 0x0000016b49a84a20 Thread exited: 0x0000016b49a84a20
Event: 517.687 Thread 0x0000016b49a83af0 Thread exited: 0x0000016b49a83af0
Event: 547.687 Thread 0x0000016b49a826b0 Thread exited: 0x0000016b49a826b0
Event: 607.688 Thread 0x0000016b49a7f920 Thread exited: 0x0000016b49a7f920
Event: 667.704 Thread 0x0000016b49a82bc0 Thread exited: 0x0000016b49a82bc0
Event: 727.704 Thread 0x0000016b49a7ef00 Thread exited: 0x0000016b49a7ef00
Event: 745.101 Thread 0x0000016b4409c480 Thread added: 0x0000016b4588e360
Event: 745.109 Thread 0x0000016b49a80d60 Thread added: 0x0000016b49a84510
Event: 745.116 Thread 0x0000016b4409c480 Thread added: 0x0000016b4588d8c0
Event: 745.329 Thread 0x0000016b4588d8c0 Thread exited: 0x0000016b4588d8c0


Dynamic libraries:
0x00007ff7c1a10000 - 0x00007ff7c1a1e000 	c:\Users\MPF\.vscode\extensions\redhat.java-1.36.0-win32-x64\jre\17.0.13-win32-x86_64\bin\java.exe
0x00007ffaa2ff0000 - 0x00007ffaa31e8000 	C:\WINDOWS\SYSTEM32\ntdll.dll
0x00007ffaa1ec0000 - 0x00007ffaa1f82000 	C:\WINDOWS\System32\KERNEL32.DLL
0x00007ffaa0d10000 - 0x00007ffaa100e000 	C:\WINDOWS\System32\KERNELBASE.dll
0x00007ffaa0ad0000 - 0x00007ffaa0bd0000 	C:\WINDOWS\System32\ucrtbase.dll
0x00007ffa9a810000 - 0x00007ffa9a82e000 	c:\Users\MPF\.vscode\extensions\redhat.java-1.36.0-win32-x64\jre\17.0.13-win32-x86_64\bin\VCRUNTIME140.dll
0x00007ffa99e40000 - 0x00007ffa99e57000 	c:\Users\MPF\.vscode\extensions\redhat.java-1.36.0-win32-x64\jre\17.0.13-win32-x86_64\bin\jli.dll
0x00007ffaa1ac0000 - 0x00007ffaa1c5d000 	C:\WINDOWS\System32\USER32.dll
0x00007ffaa0a00000 - 0x00007ffaa0a22000 	C:\WINDOWS\System32\win32u.dll
0x00007ffaa13b0000 - 0x00007ffaa13db000 	C:\WINDOWS\System32\GDI32.dll
0x00007ffaa06e0000 - 0x00007ffaa07f7000 	C:\WINDOWS\System32\gdi32full.dll
0x00007ffaa0960000 - 0x00007ffaa09fd000 	C:\WINDOWS\System32\msvcp_win.dll
0x00007ffa89d60000 - 0x00007ffa89ffa000 	C:\WINDOWS\WinSxS\amd64_microsoft.windows.common-controls_6595b64144ccf1df_6.0.19041.4355_none_60b8b9eb71f62e16\COMCTL32.dll
0x00007ffaa13f0000 - 0x00007ffaa148e000 	C:\WINDOWS\System32\msvcrt.dll
0x00007ffaa2780000 - 0x00007ffaa27af000 	C:\WINDOWS\System32\IMM32.DLL
0x00007ffa9ca10000 - 0x00007ffa9ca1c000 	c:\Users\MPF\.vscode\extensions\redhat.java-1.36.0-win32-x64\jre\17.0.13-win32-x86_64\bin\vcruntime140_1.dll
0x00007ffa8b630000 - 0x00007ffa8b6bd000 	c:\Users\MPF\.vscode\extensions\redhat.java-1.36.0-win32-x64\jre\17.0.13-win32-x86_64\bin\msvcp140.dll
0x00007ffa62500000 - 0x00007ffa6316b000 	c:\Users\MPF\.vscode\extensions\redhat.java-1.36.0-win32-x64\jre\17.0.13-win32-x86_64\bin\server\jvm.dll
0x00007ffaa2ef0000 - 0x00007ffaa2fa1000 	C:\WINDOWS\System32\ADVAPI32.dll
0x00007ffaa27b0000 - 0x00007ffaa284f000 	C:\WINDOWS\System32\sechost.dll
0x00007ffaa1d30000 - 0x00007ffaa1e53000 	C:\WINDOWS\System32\RPCRT4.dll
0x00007ffaa0a30000 - 0x00007ffaa0a57000 	C:\WINDOWS\System32\bcrypt.dll
0x00007ffaa28e0000 - 0x00007ffaa294b000 	C:\WINDOWS\System32\WS2_32.dll
0x00007ffaa0070000 - 0x00007ffaa00bb000 	C:\WINDOWS\SYSTEM32\POWRPROF.dll
0x00007ffa86fc0000 - 0x00007ffa86fe7000 	C:\WINDOWS\SYSTEM32\WINMM.dll
0x00007ffa95ff0000 - 0x00007ffa95ffa000 	C:\WINDOWS\SYSTEM32\VERSION.dll
0x00007ffaa0030000 - 0x00007ffaa0042000 	C:\WINDOWS\SYSTEM32\UMPDC.dll
0x00007ffa9f020000 - 0x00007ffa9f032000 	C:\WINDOWS\SYSTEM32\kernel.appcore.dll
0x00007ffa9c8b0000 - 0x00007ffa9c8ba000 	c:\Users\MPF\.vscode\extensions\redhat.java-1.36.0-win32-x64\jre\17.0.13-win32-x86_64\bin\jimage.dll
0x00007ffa9e260000 - 0x00007ffa9e444000 	C:\WINDOWS\SYSTEM32\DBGHELP.DLL
0x00007ffa935f0000 - 0x00007ffa93624000 	C:\WINDOWS\SYSTEM32\dbgcore.DLL
0x00007ffaa0c80000 - 0x00007ffaa0d02000 	C:\WINDOWS\System32\bcryptPrimitives.dll
0x00007ffa9bda0000 - 0x00007ffa9bdae000 	c:\Users\MPF\.vscode\extensions\redhat.java-1.36.0-win32-x64\jre\17.0.13-win32-x86_64\bin\instrument.dll
0x00007ffa97350000 - 0x00007ffa97375000 	c:\Users\MPF\.vscode\extensions\redhat.java-1.36.0-win32-x64\jre\17.0.13-win32-x86_64\bin\java.dll
0x00007ffa9b000000 - 0x00007ffa9b018000 	c:\Users\MPF\.vscode\extensions\redhat.java-1.36.0-win32-x64\jre\17.0.13-win32-x86_64\bin\zip.dll
0x00007ffaa1f90000 - 0x00007ffaa26fd000 	C:\WINDOWS\System32\SHELL32.dll
0x00007ffa9e450000 - 0x00007ffa9ebf3000 	C:\WINDOWS\SYSTEM32\windows.storage.dll
0x00007ffaa1490000 - 0x00007ffaa17e3000 	C:\WINDOWS\System32\combase.dll
0x00007ffaa00c0000 - 0x00007ffaa00ee000 	C:\WINDOWS\SYSTEM32\Wldp.dll
0x00007ffaa1c60000 - 0x00007ffaa1d2d000 	C:\WINDOWS\System32\OLEAUT32.dll
0x00007ffaa2e40000 - 0x00007ffaa2eed000 	C:\WINDOWS\System32\SHCORE.dll
0x00007ffaa1170000 - 0x00007ffaa11c5000 	C:\WINDOWS\System32\shlwapi.dll
0x00007ffaa05c0000 - 0x00007ffaa05e4000 	C:\WINDOWS\SYSTEM32\profapi.dll
0x00007ffa9afd0000 - 0x00007ffa9afe9000 	C:\Users\MPF\.vscode\extensions\redhat.java-1.36.0-win32-x64\jre\17.0.13-win32-x86_64\bin\net.dll
0x00007ffa985e0000 - 0x00007ffa986ed000 	C:\WINDOWS\SYSTEM32\WINHTTP.dll
0x00007ffa9fd50000 - 0x00007ffa9fdba000 	C:\WINDOWS\system32\mswsock.dll
0x00007ffa9a8f0000 - 0x00007ffa9a906000 	C:\Users\MPF\.vscode\extensions\redhat.java-1.36.0-win32-x64\jre\17.0.13-win32-x86_64\bin\nio.dll
0x00007ffa9bd90000 - 0x00007ffa9bda0000 	c:\Users\MPF\.vscode\extensions\redhat.java-1.36.0-win32-x64\jre\17.0.13-win32-x86_64\bin\verify.dll
0x00007ffa85300000 - 0x00007ffa85345000 	C:\Users\MPF\AppData\Roaming\Code\User\globalStorage\redhat.java\1.36.0\config_win\org.eclipse.equinox.launcher\org.eclipse.equinox.launcher.win32.win32.x86_64_1.2.1100.v20240722-2106\eclipse_11904.dll
0x00007ffaa1280000 - 0x00007ffaa13ab000 	C:\WINDOWS\System32\ole32.dll
0x00007ffa9ffa0000 - 0x00007ffa9ffb8000 	C:\WINDOWS\SYSTEM32\CRYPTSP.dll
0x00007ffa9f670000 - 0x00007ffa9f6a4000 	C:\WINDOWS\system32\rsaenh.dll
0x00007ffaa0580000 - 0x00007ffaa05ae000 	C:\WINDOWS\SYSTEM32\USERENV.dll
0x00007ffa9ffc0000 - 0x00007ffa9ffcc000 	C:\WINDOWS\SYSTEM32\CRYPTBASE.dll
0x00007ffa9fa30000 - 0x00007ffa9fa6b000 	C:\WINDOWS\SYSTEM32\IPHLPAPI.DLL
0x00007ffaa2dd0000 - 0x00007ffaa2dd8000 	C:\WINDOWS\System32\NSI.dll
0x00007ffa99980000 - 0x00007ffa99997000 	C:\WINDOWS\SYSTEM32\dhcpcsvc6.DLL
0x00007ffa99940000 - 0x00007ffa9995d000 	C:\WINDOWS\SYSTEM32\dhcpcsvc.DLL
0x00007ffa9fac0000 - 0x00007ffa9fb8a000 	C:\WINDOWS\SYSTEM32\DNSAPI.dll
0x00007ffa85090000 - 0x00007ffa850d9000 	C:\Users\MPF\AppData\Local\Temp\jna-76547\jna3950467837232361979.dll
0x00007ffaa2950000 - 0x00007ffaa2958000 	C:\WINDOWS\System32\PSAPI.DLL
0x00007ffa9eec0000 - 0x00007ffa9eec9000 	C:\Users\MPF\.vscode\extensions\redhat.java-1.36.0-win32-x64\jre\17.0.13-win32-x86_64\bin\extnet.dll

dbghelp: loaded successfully - version: 4.0.5 - missing functions: none
symbol engine: initialized successfully - sym options: 0x614 - pdb path: .;c:\Users\MPF\.vscode\extensions\redhat.java-1.36.0-win32-x64\jre\17.0.13-win32-x86_64\bin;C:\WINDOWS\SYSTEM32;C:\WINDOWS\WinSxS\amd64_microsoft.windows.common-controls_6595b64144ccf1df_6.0.19041.4355_none_60b8b9eb71f62e16;c:\Users\MPF\.vscode\extensions\redhat.java-1.36.0-win32-x64\jre\17.0.13-win32-x86_64\bin\server;C:\Users\MPF\AppData\Roaming\Code\User\globalStorage\redhat.java\1.36.0\config_win\org.eclipse.equinox.launcher\org.eclipse.equinox.launcher.win32.win32.x86_64_1.2.1100.v20240722-2106;C:\Users\MPF\AppData\Local\Temp\jna-76547

VM Arguments:
jvm_args: --add-modules=ALL-SYSTEM --add-opens=java.base/java.util=ALL-UNNAMED --add-opens=java.base/java.lang=ALL-UNNAMED --add-opens=java.base/sun.nio.fs=ALL-UNNAMED -Declipse.application=org.eclipse.jdt.ls.core.id1 -Dosgi.bundles.defaultStartLevel=4 -Declipse.product=org.eclipse.jdt.ls.core.product -Djava.import.generatesMetadataFilesAtProjectRoot=false -DDetectVMInstallationsJob.disabled=true -Dfile.encoding=utf8 -XX:+UseParallelGC -XX:GCTimeRatio=4 -XX:AdaptiveSizePolicyWeight=90 -Dsun.zip.disableMemoryMapping=true -Xmx1G -Xms100m -Xlog:disable -javaagent:c:\Users\MPF\.vscode\extensions\redhat.java-1.36.0-win32-x64\lombok\lombok-1.18.35.jar -XX:+HeapDumpOnOutOfMemoryError -XX:HeapDumpPath=c:\Users\MPF\AppData\Roaming\Code\User\workspaceStorage\a0e31b4d964b07a6db9dfa7dd06891be\redhat.java -Daether.dependencyCollector.impl=bf 
java_command: c:\Users\MPF\.vscode\extensions\redhat.java-1.36.0-win32-x64\server\plugins\org.eclipse.equinox.launcher_1.6.900.v20240613-2009.jar -configuration c:\Users\MPF\AppData\Roaming\Code\User\globalStorage\redhat.java\1.36.0\config_win -data c:\Users\MPF\AppData\Roaming\Code\User\workspaceStorage\a0e31b4d964b07a6db9dfa7dd06891be\redhat.java\jdt_ws --pipe=\\.\pipe\lsp-c720df741ef584d571c0d983e020f01d-sock
java_class_path (initial): c:\Users\MPF\.vscode\extensions\redhat.java-1.36.0-win32-x64\server\plugins\org.eclipse.equinox.launcher_1.6.900.v20240613-2009.jar
Launcher Type: SUN_STANDARD

[Global flags]
    uintx AdaptiveSizePolicyWeight                 = 90                                        {product} {command line}
     intx CICompilerCount                          = 4                                         {product} {ergonomic}
    uintx GCTimeRatio                              = 4                                         {product} {command line}
     bool HeapDumpOnOutOfMemoryError               = true                                   {manageable} {command line}
    ccstr HeapDumpPath                             = c:\Users\MPF\AppData\Roaming\Code\User\workspaceStorage\a0e31b4d964b07a6db9dfa7dd06891be\redhat.java         {manageable} {command line}
   size_t InitialHeapSize                          = 104857600                                 {product} {command line}
   size_t MaxHeapSize                              = 1073741824                                {product} {command line}
   size_t MaxNewSize                               = 357564416                                 {product} {ergonomic}
   size_t MinHeapDeltaBytes                        = 524288                                    {product} {ergonomic}
   size_t MinHeapSize                              = 104857600                                 {product} {command line}
   size_t NewSize                                  = 34603008                                  {product} {ergonomic}
    uintx NonNMethodCodeHeapSize                   = 5839372                                {pd product} {ergonomic}
    uintx NonProfiledCodeHeapSize                  = 122909434                              {pd product} {ergonomic}
   size_t OldSize                                  = 70254592                                  {product} {ergonomic}
    uintx ProfiledCodeHeapSize                     = 122909434                              {pd product} {ergonomic}
    uintx ReservedCodeCacheSize                    = 251658240                              {pd product} {ergonomic}
     bool SegmentedCodeCache                       = true                                      {product} {ergonomic}
   size_t SoftMaxHeapSize                          = 1073741824                             {manageable} {ergonomic}
     bool UseCompressedClassPointers               = true                           {product lp64_product} {ergonomic}
     bool UseCompressedOops                        = true                           {product lp64_product} {ergonomic}
     bool UseLargePagesIndividualAllocation        = false                                  {pd product} {ergonomic}
     bool UseParallelGC                            = true                                      {product} {command line}

Logging:
Log output configuration:
 #0: stdout all=off uptime,level,tags
 #1: stderr all=off uptime,level,tags

Environment Variables:
JAVA_HOME=C:\Program Files\Java\jdk1.8.0_231
PATH=C:\Program Files (x86)\Common Files\Oracle\Java\javapath;C:\Program Files (x86)\Intel\Intel(R) Management Engine Components\iCLS\;C:\Program Files\Intel\Intel(R) Management Engine Components\iCLS\;C:\WINDOWS\system32;C:\WINDOWS;C:\WINDOWS\System32\Wbem;C:\WINDOWS\System32\WindowsPowerShell\v1.0\;C:\WINDOWS\System32\OpenSSH\;C:\Program Files (x86)\Intel\Intel(R) Management Engine Components\DAL;C:\Program Files\Intel\Intel(R) Management Engine Components\DAL;D:\Program Files\TortoiseSVN\bin;C:\Program Files\Pandoc\;D:\maven\bin;C:\Program Files\MySQL\MySQL Server 8.0\bin\bin;C:\Program Files\dotnet\;C:\Program Files\Git\cmd;C:\Program Files (x86)\Common Files\Oracle\Java\javapath;C:\Program Files (x86)\Intel\Intel(R) Management Engine Components\iCLS\;C:\Program Files\Intel\Intel(R) Management Engine Components\iCLS\;C:\WINDOWS\system32;C:\WINDOWS;C:\WINDOWS\System32\Wbem;C:\WINDOWS\System32\WindowsPowerShell\v1.0\;C:\WINDOWS\System32\OpenSSH\;C:\Program Files (x86)\Intel\Intel(R) Management Engine Components\DAL;C:\Program Files\Intel\Intel(R) Management Engine Components\DAL;D:\Program Files\TortoiseSVN\bin;C:\Program Files\Pandoc\;D:\maven\bin;C:\Program Files\MySQL\MySQL Server 8.0\bin\bin;C:\Program Files\dotnet\;C:\Program Files\Git\cmd;C:\Program Files\MySQL\MySQL Shell 8.0\bin\;C:\Users\MPF\AppData\Local\Microsoft\WindowsApps;D:\Program Files\Bandizip\;D:\Program Files\Microsoft VS Code\bin;C:\Program Files\JetBrains\IntelliJ IDEA 2021.1.3\bin;C:\Users\MPF\AppData\Local\MediWay\WebsysServer\plugin\DHCWebBrowserPatch\1.0.0.39;%USERPROFILE%\AppData\Local\Microsoft\WindowsApps;
USERNAME=MPF
OS=Windows_NT
PROCESSOR_IDENTIFIER=Intel64 Family 6 Model 142 Stepping 10, GenuineIntel
TMP=C:\Users\MPF\AppData\Local\Temp
TEMP=C:\Users\MPF\AppData\Local\Temp



Periodic native trim disabled


---------------  S Y S T E M  ---------------

OS:
 Windows 10 , 64 bit Build 19041 (10.0.19041.5072)
OS uptime: 4 days 21:53 hours

CPU: total 8 (initial active 8) (4 cores per cpu, 2 threads per core) family 6 model 142 stepping 10 microcode 0xb4, cx8, cmov, fxsr, ht, mmx, 3dnowpref, sse, sse2, sse3, ssse3, sse4.1, sse4.2, popcnt, lzcnt, tsc, tscinvbit, avx, avx2, aes, erms, clmul, bmi1, bmi2, adx, fma, vzeroupper, clflush, clflushopt
Processor Information for all 8 processors :
  Max Mhz: 1801, Current Mhz: 1801, Mhz Limit: 1801

Memory: 4k page, system-wide physical 8023M (888M free)
TotalPageFile size 11095M (AvailPageFile size 13M)
current process WorkingSet (physical memory assigned to process): 405M, peak: 472M
current process commit charge ("private bytes"): 441M, peak: 504M

vm_info: OpenJDK 64-Bit Server VM (17.0.13+11) for windows-amd64 JRE (17.0.13+11), built on Oct 16 2024 00:10:08 by "admin" with MS VC++ 17.7 (VS2022)

END.
